Build started 17/11/2015 6:32:44 PM.
     1>Project "C:\Users\jack\Documents\GitHub\C--Project\c++direct2dapp\c++direct2dapp\soloud\build\vs2015\c_test.vcxproj" on node 6 (Rebuild target(s)).
     1>ClCompile:
         C:\Program Files (x86)\Microsoft Visual Studio 14.0\VC\bin\CL.exe /c /I..\..\include /ZI /nologo /W3 /WX- /MP /Od /Oy- /D _CRT_SECURE_NO_WARNINGS /D DEBUG /Gm- /RTC1 /MDd /GS /Gy /fp:precise /Zc:wchar_t /Zc:forScope /Zc:inline /GR- /Fo"debug\Debug\c_test\demos\c_test\main.obj" /Fd"..\..\bin\c_test_d.pdb" /Gd /TC /analyze- /errorReport:prompt   ..\..\demos\c_test\main.c
         main.c
         C:\Program Files (x86)\Microsoft Visual Studio 14.0\VC\bin\CL.exe /c /I..\..\include /ZI /nologo /W3 /WX- /MP /Od /Oy- /D _CRT_SECURE_NO_WARNINGS /D DEBUG /Gm- /RTC1 /MDd /GS /Gy /fp:precise /Zc:wchar_t /Zc:forScope /Zc:inline /GR- /Fo"debug\Debug\c_test\src\c_api\soloud_c.obj" /Fd"..\..\bin\c_test_d.pdb" /Gd /TP /analyze- /errorReport:prompt   ..\..\src\c_api\soloud_c.cpp
         soloud_c.cpp
       Link:
         C:\Program Files (x86)\Microsoft Visual Studio 14.0\VC\bin\link.exe /ERRORREPORT:PROMPT /OUT:"..\..\bin\c_test_d.exe" /INCREMENTAL /NOLOGO kernel32.lib user32.lib gdi32.lib winspool.lib comdlg32.lib advapi32.lib shell32.lib ole32.lib oleaut32.lib uuid.lib odbc32.lib odbccp32.lib /MANIFEST /MANIFESTUAC:"level='asInvoker' uiAccess='false'" /manifest:embed /Debug /PDB:"..\..\bin\c_test_d.pdb" /SUBSYSTEM:CONSOLE /TLBID:1 /ENTRY:"mainCRTStartup" /DYNAMICBASE /NXCOMPAT /IMPLIB:"..\..\bin\c_test_d.lib" /MACHINE:X86 debug\Debug\c_test\demos\c_test\main.obj
         debug\Debug\c_test\src\c_api\soloud_c.obj
         "C:\Users\jack\Documents\GitHub\C--Project\c++direct2dapp\c++direct2dapp\soloud\lib\soloud_x86_d.lib"
     1>LINK : fatal error LNK1104: cannot open file 'C:\Users\jack\Documents\GitHub\C--Project\c++direct2dapp\c++direct2dapp\soloud\lib\soloud_x86_d.lib'
     1>Done Building Project "C:\Users\jack\Documents\GitHub\C--Project\c++direct2dapp\c++direct2dapp\soloud\build\vs2015\c_test.vcxproj" (Rebuild target(s)) -- FAILED.

Build FAILED.

Time Elapsed 00:00:00.57
